2026-06-16T15:17:17.145-06:00  INFO 12352 --- [galaxy-gym-backend] [main] c.e.g.GalaxyGymBackendApplicationTests   : Starting GalaxyGymBackendApplicationTests using Java 25.0.2 with PID 12352 (started by melch in C:\Dev\java\GYM-SYSTEM\galaxy-gym-backend)
2026-06-16T15:17:17.155-06:00  INFO 12352 --- [galaxy-gym-backend] [main] c.e.g.GalaxyGymBackendApplicationTests   : No active profile set, falling back to 1 default profile: "default"
2026-06-16T15:17:19.671-06:00  INFO 12352 --- [galaxy-gym-backend] [main] .s.d.r.c.RepositoryConfigurationDelegate : Bootstrapping Spring Data JPA repositories in DEFAULT mode.
2026-06-16T15:17:19.832-06:00  INFO 12352 --- [galaxy-gym-backend] [main] .s.d.r.c.RepositoryConfigurationDelegate : Finished Spring Data repository scanning in 144 ms. Found 14 JPA repository interfaces.
2026-06-16T15:17:21.028-06:00  INFO 12352 --- [galaxy-gym-backend] [main] org.hibernate.orm.jpa                    : HHH008540: Processing PersistenceUnitInfo [name: default]
2026-06-16T15:17:21.182-06:00  INFO 12352 --- [galaxy-gym-backend] [main] org.hibernate.orm.core                   : HHH000001: Hibernate ORM core version 7.2.12.Final
2026-06-16T15:17:21.807-06:00  INFO 12352 --- [galaxy-gym-backend] [main] o.s.o.j.p.SpringPersistenceUnitInfo      : No LoadTimeWeaver setup: ignoring JPA class transformer
2026-06-16T15:17:21.905-06:00  INFO 12352 --- [galaxy-gym-backend] [main] com.zaxxer.hikari.HikariDataSource       : HikariPool-1 - Starting...
2026-06-16T15:17:22.896-06:00  INFO 12352 --- [galaxy-gym-backend] [main] com.zaxxer.hikari.pool.HikariPool        : HikariPool-1 - Added connection com.mysql.cj.jdbc.ConnectionImpl@21903f0d
2026-06-16T15:17:22.899-06:00  INFO 12352 --- [galaxy-gym-backend] [main] com.zaxxer.hikari.HikariDataSource       : HikariPool-1 - Start completed.
2026-06-16T15:17:23.059-06:00  WARN 12352 --- [galaxy-gym-backend] [main] org.hibernate.orm.deprecation            : HHH90000025: MySQLDialect does not need to be specified explicitly using 'hibernate.dialect' (remove the property setting and it will be selected by default)
2026-06-16T15:17:23.107-06:00  INFO 12352 --- [galaxy-gym-backend] [main] org.hibernate.orm.connections.pooling    : HHH10001005: Database info:
	Database JDBC URL [jdbc:mysql://localhost:3306/galaxy_gym_db?createDatabaseIfNotExist=true]
	Database driver: MySQL Connector/J
	Database dialect: MySQLDialect
	Database version: 8.0.32
	Default catalog/schema: galaxy_gym_db/undefined
	Autocommit mode: undefined/unknown
	Isolation level: REPEATABLE_READ [default REPEATABLE_READ]
	JDBC fetch size: none
	Pool: DataSourceConnectionProvider
	Minimum pool size: undefined/unknown
	Maximum pool size: undefined/unknown
2026-06-16T15:17:25.510-06:00  INFO 12352 --- [galaxy-gym-backend] [main] org.hibernate.orm.core                   : HHH000489: No JTA platform available (set 'hibernate.transaction.jta.platform' to enable JTA platform integration)
2026-06-16T15:17:25.771-06:00  INFO 12352 --- [galaxy-gym-backend] [main] j.LocalContainerEntityManagerFactoryBean : Initialized JPA EntityManagerFactory for persistence unit 'default'
2026-06-16T15:17:25.929-06:00  INFO 12352 --- [galaxy-gym-backend] [main] o.s.d.j.r.query.QueryEnhancerFactories   : Hibernate is in classpath; If applicable, HQL parser will be used.
2026-06-16T15:17:28.455-06:00  WARN 12352 --- [galaxy-gym-backend] [main] JpaBaseConfiguration$JpaWebConfiguration : spring.jpa.open-in-view is enabled by default. Therefore, database queries may be performed during view rendering. Explicitly configure spring.jpa.open-in-view to disable this warning
2026-06-16T15:17:29.619-06:00  INFO 12352 --- [galaxy-gym-backend] [main] c.e.g.GalaxyGymBackendApplicationTests   : Started GalaxyGymBackendApplicationTests in 13.09 seconds (process running for 27.516)
2026-06-16T15:17:29.814-06:00  INFO 12352 --- [galaxy-gym-backend] [main] c.e.g.seeders.RoleSeeder                 : Roles table already has data. Skipping seeding.
2026-06-16T15:17:29.839-06:00  INFO 12352 --- [galaxy-gym-backend] [main] c.e.g.seeders.ExerciseSeeder             : Exercises table already has data. Skipping seeding.
2026-06-16T15:17:29.858-06:00  INFO 12352 --- [galaxy-gym-backend] [main] c.e.g.seeders.EquipmentSeeder            : Equipment table already has data. Skipping seeding.
2026-06-16T15:17:29.895-06:00  INFO 12352 --- [galaxy-gym-backend] [main] c.e.g.seeders.UserSeeder                 : Users table already has data. Skipping seeding.
2026-06-16T15:17:29.915-06:00  INFO 12352 --- [galaxy-gym-backend] [main] c.e.g.seeders.TrainerSeeder              : Trainers table already has data. Skipping seeding.
2026-06-16T15:17:29.933-06:00  INFO 12352 --- [galaxy-gym-backend] [main] c.e.g.seeders.MembershipPlanSeeder       : Membership plans table already has data. Skipping seeding.
2026-06-16T15:17:29.953-06:00  INFO 12352 --- [galaxy-gym-backend] [main] c.e.g.seeders.MembershipSeeder           : Memberships table already has data. Skipping seeding.
2026-06-16T15:17:29.976-06:00  INFO 12352 --- [galaxy-gym-backend] [main] c.e.g.seeders.PaymentSeeder              : Payments table already has data. Skipping seeding.
2026-06-16T15:17:30.001-06:00  INFO 12352 --- [galaxy-gym-backend] [main] c.e.g.seeders.AttendanceSeeder           : Attendances table already has data. Skipping seeding.
2026-06-16T15:17:30.022-06:00  INFO 12352 --- [galaxy-gym-backend] [main] c.e.g.seeders.WorkoutRoutineSeeder       : Workout routines table already has data. Skipping seeding.
2026-06-16T15:17:30.042-06:00  INFO 12352 --- [galaxy-gym-backend] [main] c.e.g.seeders.RoutineExerciseSeeder      : Routine exercises table already has data. Skipping seeding.
2026-06-16T15:17:30.061-06:00  INFO 12352 --- [galaxy-gym-backend] [main] c.e.g.seeders.GymClassSeeder             : Gym classes table already has data. Skipping seeding.
2026-06-16T15:17:30.082-06:00  INFO 12352 --- [galaxy-gym-backend] [main] c.e.g.seeders.ReservationSeeder          : Reservations table already has data. Skipping seeding.
2026-06-16T15:17:30.100-06:00  INFO 12352 --- [galaxy-gym-backend] [main] c.e.g.seeders.NotificationSeeder         : Notifications table already has data. Skipping seeding.
2026-06-16T15:17:30.101-06:00  WARN 12352 --- [galaxy-gym-backend] [main] o.s.core.events.SpringDocAppInitializer  : SpringDoc /v3/api-docs endpoint is enabled by default. To disable it in production, set the property 'springdoc.api-docs.enabled=false'
2026-06-16T15:17:30.101-06:00  WARN 12352 --- [galaxy-gym-backend] [main] o.s.core.events.SpringDocAppInitializer  : SpringDoc /swagger-ui.html endpoint is enabled by default. To disable it in production, set the property 'springdoc.swagger-ui.enabled=false'
2026-06-16T15:17:30.362-06:00  INFO 12352 --- [galaxy-gym-backend] [main] c.e.g.seeders.AttendanceSeeder           : Attendances table already has data. Skipping seeding.
2026-06-16T15:17:30.374-06:00  INFO 12352 --- [galaxy-gym-backend] [main] c.e.g.seeders.AttendanceSeeder           : Seeding 1000+ attendances...
2026-06-16T15:17:30.374-06:00 ERROR 12352 --- [galaxy-gym-backend] [main] c.e.g.seeders.AttendanceSeeder           : No memberships found to seed attendances!
2026-06-16T15:17:30.375-06:00  INFO 12352 --- [galaxy-gym-backend] [main] c.e.g.seeders.AttendanceSeeder           : Seeding 1000+ attendances...
2026-06-16T15:17:30.375-06:00  INFO 12352 --- [galaxy-gym-backend] [main] c.e.g.seeders.AttendanceSeeder           : Successfully seeded 2 attendances.
2026-06-16T15:17:30.465-06:00  INFO 12352 --- [galaxy-gym-backend] [main] c.e.g.seeders.PaymentSeeder              : Payments table already has data. Skipping seeding.
2026-06-16T15:17:30.465-06:00  INFO 12352 --- [galaxy-gym-backend] [main] c.e.g.seeders.PaymentSeeder              : Seeding 1000+ payments...
2026-06-16T15:17:30.466-06:00 ERROR 12352 --- [galaxy-gym-backend] [main] c.e.g.seeders.PaymentSeeder              : No memberships found to seed payments!
2026-06-16T15:17:30.466-06:00  INFO 12352 --- [galaxy-gym-backend] [main] c.e.g.seeders.PaymentSeeder              : Seeding 1000+ payments...
2026-06-16T15:17:30.468-06:00  INFO 12352 --- [galaxy-gym-backend] [main] c.e.g.seeders.PaymentSeeder              : Successfully seeded 2 payments.
2026-06-16T15:17:30.667-06:00  INFO 12352 --- [galaxy-gym-backend] [main] c.e.g.seeders.GymClassSeeder             : Gym classes table already has data. Skipping seeding.
2026-06-16T15:17:30.669-06:00  INFO 12352 --- [galaxy-gym-backend] [main] c.e.g.seeders.GymClassSeeder             : Seeding gym classes...
2026-06-16T15:17:30.670-06:00 ERROR 12352 --- [galaxy-gym-backend] [main] c.e.g.seeders.GymClassSeeder             : No trainers found to seed gym classes!
2026-06-16T15:17:30.671-06:00  INFO 12352 --- [galaxy-gym-backend] [main] c.e.g.seeders.GymClassSeeder             : Seeding gym classes...
2026-06-16T15:17:30.671-06:00  INFO 12352 --- [galaxy-gym-backend] [main] c.e.g.seeders.GymClassSeeder             : Successfully seeded 3 gym classes.
2026-06-16T15:17:30.774-06:00  INFO 12352 --- [galaxy-gym-backend] [main] c.e.g.seeders.ReservationSeeder          : Reservations table already has data. Skipping seeding.
2026-06-16T15:17:30.776-06:00  INFO 12352 --- [galaxy-gym-backend] [main] c.e.g.seeders.ReservationSeeder          : Seeding 1000+ reservations...
2026-06-16T15:17:30.778-06:00 ERROR 12352 --- [galaxy-gym-backend] [main] c.e.g.seeders.ReservationSeeder          : No members or classes found to seed reservations!
2026-06-16T15:17:30.779-06:00  INFO 12352 --- [galaxy-gym-backend] [main] c.e.g.seeders.ReservationSeeder          : Seeding 1000+ reservations...
2026-06-16T15:17:30.780-06:00  INFO 12352 --- [galaxy-gym-backend] [main] c.e.g.seeders.ReservationSeeder          : Successfully seeded 2 reservations.
2026-06-16T15:17:31.124-06:00  INFO 12352 --- [galaxy-gym-backend] [main] c.e.g.seeders.RoutineExerciseSeeder      : Routine exercises table already has data. Skipping seeding.
2026-06-16T15:17:31.125-06:00  INFO 12352 --- [galaxy-gym-backend] [main] c.e.g.seeders.RoutineExerciseSeeder      : Seeding routine exercises...
2026-06-16T15:17:31.126-06:00 ERROR 12352 --- [galaxy-gym-backend] [main] c.e.g.seeders.RoutineExerciseSeeder      : No routines or exercises found to seed routine exercises!
2026-06-16T15:17:31.127-06:00  INFO 12352 --- [galaxy-gym-backend] [main] c.e.g.seeders.RoutineExerciseSeeder      : Seeding routine exercises...
2026-06-16T15:17:31.129-06:00  INFO 12352 --- [galaxy-gym-backend] [main] c.e.g.seeders.RoutineExerciseSeeder      : Successfully seeded routine exercises.
2026-06-16T15:17:31.224-06:00  INFO 12352 --- [galaxy-gym-backend] [main] c.e.g.seeders.EquipmentSeeder            : Equipment table already has data. Skipping seeding.
2026-06-16T15:17:31.224-06:00  INFO 12352 --- [galaxy-gym-backend] [main] c.e.g.seeders.EquipmentSeeder            : Seeding initial equipment...
2026-06-16T15:17:31.225-06:00  INFO 12352 --- [galaxy-gym-backend] [main] c.e.g.seeders.EquipmentSeeder            : Successfully seeded 4 equipment.
2026-06-16T15:17:31.318-06:00  INFO 12352 --- [galaxy-gym-backend] [main] c.e.g.seeders.NotificationSeeder         : Notifications table already has data. Skipping seeding.
2026-06-16T15:17:31.319-06:00  INFO 12352 --- [galaxy-gym-backend] [main] c.e.g.seeders.NotificationSeeder         : Seeding notifications...
2026-06-16T15:17:31.320-06:00 ERROR 12352 --- [galaxy-gym-backend] [main] c.e.g.seeders.NotificationSeeder         : No members found to seed notifications!
2026-06-16T15:17:31.321-06:00  INFO 12352 --- [galaxy-gym-backend] [main] c.e.g.seeders.NotificationSeeder         : Seeding notifications...
2026-06-16T15:17:31.322-06:00  INFO 12352 --- [galaxy-gym-backend] [main] c.e.g.seeders.NotificationSeeder         : Successfully seeded 1 notifications.
2026-06-16T15:17:31.325-06:00  INFO 12352 --- [galaxy-gym-backend] [main] c.e.g.seeders.RoleSeeder                 : Roles table already has data. Skipping seeding.
2026-06-16T15:17:31.327-06:00  INFO 12352 --- [galaxy-gym-backend] [main] c.e.g.seeders.RoleSeeder                 : Seeding initial roles...
2026-06-16T15:17:31.328-06:00  INFO 12352 --- [galaxy-gym-backend] [main] c.e.g.seeders.RoleSeeder                 : Successfully seeded 7 roles.
2026-06-16T15:17:31.333-06:00  INFO 12352 --- [galaxy-gym-backend] [main] c.e.g.seeders.UserSeeder                 : Users table already has data. Skipping seeding.
2026-06-16T15:17:31.334-06:00  INFO 12352 --- [galaxy-gym-backend] [main] c.e.g.seeders.UserSeeder                 : Seeding 1000+ users...
2026-06-16T15:17:31.354-06:00  INFO 12352 --- [galaxy-gym-backend] [main] c.e.g.seeders.UserSeeder                 : Successfully seeded 1001 users.
2026-06-16T15:17:31.502-06:00  INFO 12352 --- [galaxy-gym-backend] [main] c.e.g.seeders.MembershipPlanSeeder       : Membership plans table already has data. Skipping seeding.
2026-06-16T15:17:31.503-06:00  INFO 12352 --- [galaxy-gym-backend] [main] c.e.g.seeders.MembershipPlanSeeder       : Seeding membership plans...
2026-06-16T15:17:31.504-06:00  INFO 12352 --- [galaxy-gym-backend] [main] c.e.g.seeders.MembershipPlanSeeder       : Successfully seeded 4 membership plans.
2026-06-16T15:17:31.510-06:00  INFO 12352 --- [galaxy-gym-backend] [main] c.e.g.seeders.WorkoutRoutineSeeder       : Workout routines table already has data. Skipping seeding.
2026-06-16T15:17:31.512-06:00  INFO 12352 --- [galaxy-gym-backend] [main] c.e.g.seeders.WorkoutRoutineSeeder       : Seeding workout routines...
2026-06-16T15:17:31.512-06:00 ERROR 12352 --- [galaxy-gym-backend] [main] c.e.g.seeders.WorkoutRoutineSeeder       : No trainers found to seed workout routines!
2026-06-16T15:17:31.514-06:00  INFO 12352 --- [galaxy-gym-backend] [main] c.e.g.seeders.WorkoutRoutineSeeder       : Seeding workout routines...
2026-06-16T15:17:31.514-06:00  INFO 12352 --- [galaxy-gym-backend] [main] c.e.g.seeders.WorkoutRoutineSeeder       : Successfully seeded 3 workout routines.
2026-06-16T15:17:31.518-06:00  INFO 12352 --- [galaxy-gym-backend] [main] c.e.g.seeders.ExerciseSeeder             : Exercises table already has data. Skipping seeding.
2026-06-16T15:17:31.519-06:00  INFO 12352 --- [galaxy-gym-backend] [main] c.e.g.seeders.ExerciseSeeder             : Seeding initial exercises...
2026-06-16T15:17:31.520-06:00  INFO 12352 --- [galaxy-gym-backend] [main] c.e.g.seeders.ExerciseSeeder             : Successfully seeded 5 exercises.
2026-06-16T15:17:31.524-06:00  INFO 12352 --- [galaxy-gym-backend] [main] c.e.g.seeders.MembershipSeeder           : Memberships table already has data. Skipping seeding.
2026-06-16T15:17:31.525-06:00  INFO 12352 --- [galaxy-gym-backend] [main] c.e.g.seeders.MembershipSeeder           : Seeding memberships for all members...
2026-06-16T15:17:31.526-06:00 ERROR 12352 --- [galaxy-gym-backend] [main] c.e.g.seeders.MembershipSeeder           : No membership plans found to seed memberships!
2026-06-16T15:17:31.527-06:00  INFO 12352 --- [galaxy-gym-backend] [main] c.e.g.seeders.MembershipSeeder           : Seeding memberships for all members...
2026-06-16T15:17:31.528-06:00  INFO 12352 --- [galaxy-gym-backend] [main] c.e.g.seeders.MembershipSeeder           : Successfully seeded 1 memberships.
2026-06-16T15:17:31.533-06:00  INFO 12352 --- [galaxy-gym-backend] [main] c.e.g.seeders.TrainerSeeder              : Trainers table already has data. Skipping seeding.
2026-06-16T15:17:31.534-06:00  INFO 12352 --- [galaxy-gym-backend] [main] c.e.g.seeders.TrainerSeeder              : Seeding trainers...
2026-06-16T15:17:31.535-06:00  INFO 12352 --- [galaxy-gym-backend] [main] c.e.g.seeders.TrainerSeeder              : Successfully seeded 0 trainers.
2026-06-16T15:17:31.536-06:00  INFO 12352 --- [galaxy-gym-backend] [main] c.e.g.seeders.TrainerSeeder              : Seeding trainers...
2026-06-16T15:17:31.537-06:00  INFO 12352 --- [galaxy-gym-backend] [main] c.e.g.seeders.TrainerSeeder              : Successfully seeded 1 trainers.
2026-06-16T15:17:31.767-06:00  INFO 12352 --- [galaxy-gym-backend] [SpringApplicationShutdownHook] j.LocalContainerEntityManagerFactoryBean : Closing JPA EntityManagerFactory for persistence unit 'default'
2026-06-16T15:17:32.002-06:00  INFO 12352 --- [galaxy-gym-backend] [SpringApplicationShutdownHook] com.zaxxer.hikari.HikariDataSource       : HikariPool-1 - Shutdown initiated...
2026-06-16T15:17:32.020-06:00  INFO 12352 --- [galaxy-gym-backend] [SpringApplicationShutdownHook] com.zaxxer.hikari.HikariDataSource       : HikariPool-1 - Shutdown completed.
2026-06-16T15:18:59.924-06:00  INFO 18488 --- [galaxy-gym-backend] [main] c.e.g.GalaxyGymBackendApplicationTests   : Starting GalaxyGymBackendApplicationTests using Java 25.0.2 with PID 18488 (started by melch in C:\Dev\java\GYM-SYSTEM\galaxy-gym-backend)
2026-06-16T15:18:59.927-06:00  INFO 18488 --- [galaxy-gym-backend] [main] c.e.g.GalaxyGymBackendApplicationTests   : No active profile set, falling back to 1 default profile: "default"
2026-06-16T15:19:01.926-06:00  INFO 18488 --- [galaxy-gym-backend] [main] .s.d.r.c.RepositoryConfigurationDelegate : Bootstrapping Spring Data JPA repositories in DEFAULT mode.
2026-06-16T15:19:02.068-06:00  INFO 18488 --- [galaxy-gym-backend] [main] .s.d.r.c.RepositoryConfigurationDelegate : Finished Spring Data repository scanning in 129 ms. Found 14 JPA repository interfaces.
2026-06-16T15:19:03.089-06:00  INFO 18488 --- [galaxy-gym-backend] [main] org.hibernate.orm.jpa                    : HHH008540: Processing PersistenceUnitInfo [name: default]
2026-06-16T15:19:03.193-06:00  INFO 18488 --- [galaxy-gym-backend] [main] org.hibernate.orm.core                   : HHH000001: Hibernate ORM core version 7.2.12.Final
2026-06-16T15:19:03.792-06:00  INFO 18488 --- [galaxy-gym-backend] [main] o.s.o.j.p.SpringPersistenceUnitInfo      : No LoadTimeWeaver setup: ignoring JPA class transformer
2026-06-16T15:19:03.864-06:00  INFO 18488 --- [galaxy-gym-backend] [main] com.zaxxer.hikari.HikariDataSource       : HikariPool-1 - Starting...
2026-06-16T15:19:04.365-06:00  INFO 18488 --- [galaxy-gym-backend] [main] com.zaxxer.hikari.pool.HikariPool        : HikariPool-1 - Added connection com.mysql.cj.jdbc.ConnectionImpl@46812738
2026-06-16T15:19:04.369-06:00  INFO 18488 --- [galaxy-gym-backend] [main] com.zaxxer.hikari.HikariDataSource       : HikariPool-1 - Start completed.
2026-06-16T15:19:04.481-06:00  WARN 18488 --- [galaxy-gym-backend] [main] org.hibernate.orm.deprecation            : HHH90000025: MySQLDialect does not need to be specified explicitly using 'hibernate.dialect' (remove the property setting and it will be selected by default)
2026-06-16T15:19:04.539-06:00  INFO 18488 --- [galaxy-gym-backend] [main] org.hibernate.orm.connections.pooling    : HHH10001005: Database info:
	Database JDBC URL [jdbc:mysql://localhost:3306/galaxy_gym_db?createDatabaseIfNotExist=true]
	Database driver: MySQL Connector/J
	Database dialect: MySQLDialect
	Database version: 8.0.32
	Default catalog/schema: galaxy_gym_db/undefined
	Autocommit mode: undefined/unknown
	Isolation level: REPEATABLE_READ [default REPEATABLE_READ]
	JDBC fetch size: none
	Pool: DataSourceConnectionProvider
	Minimum pool size: undefined/unknown
	Maximum pool size: undefined/unknown
2026-06-16T15:19:06.459-06:00  INFO 18488 --- [galaxy-gym-backend] [main] org.hibernate.orm.core                   : HHH000489: No JTA platform available (set 'hibernate.transaction.jta.platform' to enable JTA platform integration)
2026-06-16T15:19:06.614-06:00  INFO 18488 --- [galaxy-gym-backend] [main] j.LocalContainerEntityManagerFactoryBean : Initialized JPA EntityManagerFactory for persistence unit 'default'
2026-06-16T15:19:06.724-06:00  INFO 18488 --- [galaxy-gym-backend] [main] o.s.d.j.r.query.QueryEnhancerFactories   : Hibernate is in classpath; If applicable, HQL parser will be used.
2026-06-16T15:19:08.854-06:00  WARN 18488 --- [galaxy-gym-backend] [main] JpaBaseConfiguration$JpaWebConfiguration : spring.jpa.open-in-view is enabled by default. Therefore, database queries may be performed during view rendering. Explicitly configure spring.jpa.open-in-view to disable this warning
2026-06-16T15:19:09.844-06:00  INFO 18488 --- [galaxy-gym-backend] [main] c.e.g.GalaxyGymBackendApplicationTests   : Started GalaxyGymBackendApplicationTests in 10.432 seconds (process running for 24.763)
2026-06-16T15:19:09.997-06:00  INFO 18488 --- [galaxy-gym-backend] [main] c.e.g.seeders.RoleSeeder                 : Roles table already has data. Skipping seeding.
2026-06-16T15:19:10.005-06:00  INFO 18488 --- [galaxy-gym-backend] [main] c.e.g.seeders.ExerciseSeeder             : Exercises table already has data. Skipping seeding.
2026-06-16T15:19:10.015-06:00  INFO 18488 --- [galaxy-gym-backend] [main] c.e.g.seeders.EquipmentSeeder            : Equipment table already has data. Skipping seeding.
2026-06-16T15:19:10.024-06:00  INFO 18488 --- [galaxy-gym-backend] [main] c.e.g.seeders.UserSeeder                 : Users table already has data. Skipping seeding.
2026-06-16T15:19:10.032-06:00  INFO 18488 --- [galaxy-gym-backend] [main] c.e.g.seeders.TrainerSeeder              : Trainers table already has data. Skipping seeding.
2026-06-16T15:19:10.039-06:00  INFO 18488 --- [galaxy-gym-backend] [main] c.e.g.seeders.MembershipPlanSeeder       : Membership plans table already has data. Skipping seeding.
2026-06-16T15:19:10.048-06:00  INFO 18488 --- [galaxy-gym-backend] [main] c.e.g.seeders.MembershipSeeder           : Memberships table already has data. Skipping seeding.
2026-06-16T15:19:10.059-06:00  INFO 18488 --- [galaxy-gym-backend] [main] c.e.g.seeders.PaymentSeeder              : Payments table already has data. Skipping seeding.
2026-06-16T15:19:10.067-06:00  INFO 18488 --- [galaxy-gym-backend] [main] c.e.g.seeders.AttendanceSeeder           : Attendances table already has data. Skipping seeding.
2026-06-16T15:19:10.075-06:00  INFO 18488 --- [galaxy-gym-backend] [main] c.e.g.seeders.WorkoutRoutineSeeder       : Workout routines table already has data. Skipping seeding.
2026-06-16T15:19:10.083-06:00  INFO 18488 --- [galaxy-gym-backend] [main] c.e.g.seeders.RoutineExerciseSeeder      : Routine exercises table already has data. Skipping seeding.
2026-06-16T15:19:10.092-06:00  INFO 18488 --- [galaxy-gym-backend] [main] c.e.g.seeders.GymClassSeeder             : Gym classes table already has data. Skipping seeding.
2026-06-16T15:19:10.101-06:00  INFO 18488 --- [galaxy-gym-backend] [main] c.e.g.seeders.ReservationSeeder          : Reservations table already has data. Skipping seeding.
2026-06-16T15:19:10.109-06:00  INFO 18488 --- [galaxy-gym-backend] [main] c.e.g.seeders.NotificationSeeder         : Notifications table already has data. Skipping seeding.
2026-06-16T15:19:10.110-06:00  WARN 18488 --- [galaxy-gym-backend] [main] o.s.core.events.SpringDocAppInitializer  : SpringDoc /v3/api-docs endpoint is enabled by default. To disable it in production, set the property 'springdoc.api-docs.enabled=false'
2026-06-16T15:19:10.110-06:00  WARN 18488 --- [galaxy-gym-backend] [main] o.s.core.events.SpringDocAppInitializer  : SpringDoc /swagger-ui.html endpoint is enabled by default. To disable it in production, set the property 'springdoc.swagger-ui.enabled=false'
2026-06-16T15:19:10.393-06:00  INFO 18488 --- [galaxy-gym-backend] [main] c.e.g.seeders.AttendanceSeeder           : Attendances table already has data. Skipping seeding.
2026-06-16T15:19:10.402-06:00  INFO 18488 --- [galaxy-gym-backend] [main] c.e.g.seeders.AttendanceSeeder           : Seeding 1000+ attendances...
2026-06-16T15:19:10.403-06:00 ERROR 18488 --- [galaxy-gym-backend] [main] c.e.g.seeders.AttendanceSeeder           : No memberships found to seed attendances!
2026-06-16T15:19:10.403-06:00  INFO 18488 --- [galaxy-gym-backend] [main] c.e.g.seeders.AttendanceSeeder           : Seeding 1000+ attendances...
2026-06-16T15:19:10.404-06:00  INFO 18488 --- [galaxy-gym-backend] [main] c.e.g.seeders.AttendanceSeeder           : Successfully seeded 2 attendances.
2026-06-16T15:19:10.504-06:00  INFO 18488 --- [galaxy-gym-backend] [main] c.e.g.seeders.PaymentSeeder              : Payments table already has data. Skipping seeding.
2026-06-16T15:19:10.504-06:00  INFO 18488 --- [galaxy-gym-backend] [main] c.e.g.seeders.PaymentSeeder              : Seeding 1000+ payments...
2026-06-16T15:19:10.505-06:00 ERROR 18488 --- [galaxy-gym-backend] [main] c.e.g.seeders.PaymentSeeder              : No memberships found to seed payments!
2026-06-16T15:19:10.507-06:00  INFO 18488 --- [galaxy-gym-backend] [main] c.e.g.seeders.PaymentSeeder              : Seeding 1000+ payments...
2026-06-16T15:19:10.508-06:00  INFO 18488 --- [galaxy-gym-backend] [main] c.e.g.seeders.PaymentSeeder              : Successfully seeded 2 payments.
2026-06-16T15:19:10.688-06:00  INFO 18488 --- [galaxy-gym-backend] [main] c.e.g.seeders.GymClassSeeder             : Gym classes table already has data. Skipping seeding.
2026-06-16T15:19:10.689-06:00  INFO 18488 --- [galaxy-gym-backend] [main] c.e.g.seeders.GymClassSeeder             : Seeding gym classes...
2026-06-16T15:19:10.689-06:00 ERROR 18488 --- [galaxy-gym-backend] [main] c.e.g.seeders.GymClassSeeder             : No trainers found to seed gym classes!
2026-06-16T15:19:10.689-06:00  INFO 18488 --- [galaxy-gym-backend] [main] c.e.g.seeders.GymClassSeeder             : Seeding gym classes...
2026-06-16T15:19:10.690-06:00  INFO 18488 --- [galaxy-gym-backend] [main] c.e.g.seeders.GymClassSeeder             : Successfully seeded 3 gym classes.
2026-06-16T15:19:10.775-06:00  INFO 18488 --- [galaxy-gym-backend] [main] c.e.g.seeders.ReservationSeeder          : Reservations table already has data. Skipping seeding.
2026-06-16T15:19:10.776-06:00  INFO 18488 --- [galaxy-gym-backend] [main] c.e.g.seeders.ReservationSeeder          : Seeding 1000+ reservations...
2026-06-16T15:19:10.778-06:00 ERROR 18488 --- [galaxy-gym-backend] [main] c.e.g.seeders.ReservationSeeder          : No members or classes found to seed reservations!
2026-06-16T15:19:10.778-06:00  INFO 18488 --- [galaxy-gym-backend] [main] c.e.g.seeders.ReservationSeeder          : Seeding 1000+ reservations...
2026-06-16T15:19:10.779-06:00  INFO 18488 --- [galaxy-gym-backend] [main] c.e.g.seeders.ReservationSeeder          : Successfully seeded 2 reservations.
2026-06-16T15:19:11.050-06:00  INFO 18488 --- [galaxy-gym-backend] [main] c.e.g.seeders.RoutineExerciseSeeder      : Routine exercises table already has data. Skipping seeding.
2026-06-16T15:19:11.051-06:00  INFO 18488 --- [galaxy-gym-backend] [main] c.e.g.seeders.RoutineExerciseSeeder      : Seeding routine exercises...
2026-06-16T15:19:11.052-06:00 ERROR 18488 --- [galaxy-gym-backend] [main] c.e.g.seeders.RoutineExerciseSeeder      : No routines or exercises found to seed routine exercises!
2026-06-16T15:19:11.053-06:00  INFO 18488 --- [galaxy-gym-backend] [main] c.e.g.seeders.RoutineExerciseSeeder      : Seeding routine exercises...
2026-06-16T15:19:11.055-06:00  INFO 18488 --- [galaxy-gym-backend] [main] c.e.g.seeders.RoutineExerciseSeeder      : Successfully seeded routine exercises.
2026-06-16T15:19:11.163-06:00  INFO 18488 --- [galaxy-gym-backend] [main] c.e.g.seeders.EquipmentSeeder            : Equipment table already has data. Skipping seeding.
2026-06-16T15:19:11.164-06:00  INFO 18488 --- [galaxy-gym-backend] [main] c.e.g.seeders.EquipmentSeeder            : Seeding initial equipment...
2026-06-16T15:19:11.165-06:00  INFO 18488 --- [galaxy-gym-backend] [main] c.e.g.seeders.EquipmentSeeder            : Successfully seeded 4 equipment.
2026-06-16T15:19:11.271-06:00  INFO 18488 --- [galaxy-gym-backend] [main] c.e.g.seeders.NotificationSeeder         : Notifications table already has data. Skipping seeding.
2026-06-16T15:19:11.272-06:00  INFO 18488 --- [galaxy-gym-backend] [main] c.e.g.seeders.NotificationSeeder         : Seeding notifications...
2026-06-16T15:19:11.273-06:00 ERROR 18488 --- [galaxy-gym-backend] [main] c.e.g.seeders.NotificationSeeder         : No members found to seed notifications!
2026-06-16T15:19:11.274-06:00  INFO 18488 --- [galaxy-gym-backend] [main] c.e.g.seeders.NotificationSeeder         : Seeding notifications...
2026-06-16T15:19:11.274-06:00  INFO 18488 --- [galaxy-gym-backend] [main] c.e.g.seeders.NotificationSeeder         : Successfully seeded 1 notifications.
2026-06-16T15:19:11.277-06:00  INFO 18488 --- [galaxy-gym-backend] [main] c.e.g.seeders.RoleSeeder                 : Roles table already has data. Skipping seeding.
2026-06-16T15:19:11.278-06:00  INFO 18488 --- [galaxy-gym-backend] [main] c.e.g.seeders.RoleSeeder                 : Seeding initial roles...
2026-06-16T15:19:11.279-06:00  INFO 18488 --- [galaxy-gym-backend] [main] c.e.g.seeders.RoleSeeder                 : Successfully seeded 7 roles.
2026-06-16T15:19:11.282-06:00  INFO 18488 --- [galaxy-gym-backend] [main] c.e.g.seeders.UserSeeder                 : Users table already has data. Skipping seeding.
2026-06-16T15:19:11.283-06:00  INFO 18488 --- [galaxy-gym-backend] [main] c.e.g.seeders.UserSeeder                 : Seeding 1000+ users...
2026-06-16T15:19:11.296-06:00  INFO 18488 --- [galaxy-gym-backend] [main] c.e.g.seeders.UserSeeder                 : Successfully seeded 1001 users.
2026-06-16T15:19:11.399-06:00  INFO 18488 --- [galaxy-gym-backend] [main] c.e.g.seeders.MembershipPlanSeeder       : Membership plans table already has data. Skipping seeding.
2026-06-16T15:19:11.400-06:00  INFO 18488 --- [galaxy-gym-backend] [main] c.e.g.seeders.MembershipPlanSeeder       : Seeding membership plans...
2026-06-16T15:19:11.401-06:00  INFO 18488 --- [galaxy-gym-backend] [main] c.e.g.seeders.MembershipPlanSeeder       : Successfully seeded 4 membership plans.
2026-06-16T15:19:11.405-06:00  INFO 18488 --- [galaxy-gym-backend] [main] c.e.g.seeders.WorkoutRoutineSeeder       : Workout routines table already has data. Skipping seeding.
2026-06-16T15:19:11.407-06:00  INFO 18488 --- [galaxy-gym-backend] [main] c.e.g.seeders.WorkoutRoutineSeeder       : Seeding workout routines...
2026-06-16T15:19:11.408-06:00 ERROR 18488 --- [galaxy-gym-backend] [main] c.e.g.seeders.WorkoutRoutineSeeder       : No trainers found to seed workout routines!
2026-06-16T15:19:11.410-06:00  INFO 18488 --- [galaxy-gym-backend] [main] c.e.g.seeders.WorkoutRoutineSeeder       : Seeding workout routines...
2026-06-16T15:19:11.410-06:00  INFO 18488 --- [galaxy-gym-backend] [main] c.e.g.seeders.WorkoutRoutineSeeder       : Successfully seeded 3 workout routines.
2026-06-16T15:19:11.414-06:00  INFO 18488 --- [galaxy-gym-backend] [main] c.e.g.seeders.ExerciseSeeder             : Exercises table already has data. Skipping seeding.
2026-06-16T15:19:11.416-06:00  INFO 18488 --- [galaxy-gym-backend] [main] c.e.g.seeders.ExerciseSeeder             : Seeding initial exercises...
2026-06-16T15:19:11.416-06:00  INFO 18488 --- [galaxy-gym-backend] [main] c.e.g.seeders.ExerciseSeeder             : Successfully seeded 5 exercises.
2026-06-16T15:19:11.420-06:00  INFO 18488 --- [galaxy-gym-backend] [main] c.e.g.seeders.MembershipSeeder           : Memberships table already has data. Skipping seeding.
2026-06-16T15:19:11.422-06:00  INFO 18488 --- [galaxy-gym-backend] [main] c.e.g.seeders.MembershipSeeder           : Seeding memberships for all members...
2026-06-16T15:19:11.424-06:00 ERROR 18488 --- [galaxy-gym-backend] [main] c.e.g.seeders.MembershipSeeder           : No membership plans found to seed memberships!
2026-06-16T15:19:11.425-06:00  INFO 18488 --- [galaxy-gym-backend] [main] c.e.g.seeders.MembershipSeeder           : Seeding memberships for all members...
2026-06-16T15:19:11.426-06:00  INFO 18488 --- [galaxy-gym-backend] [main] c.e.g.seeders.MembershipSeeder           : Successfully seeded 1 memberships.
2026-06-16T15:19:11.431-06:00  INFO 18488 --- [galaxy-gym-backend] [main] c.e.g.seeders.TrainerSeeder              : Trainers table already has data. Skipping seeding.
2026-06-16T15:19:11.433-06:00  INFO 18488 --- [galaxy-gym-backend] [main] c.e.g.seeders.TrainerSeeder              : Seeding trainers...
2026-06-16T15:19:11.435-06:00  INFO 18488 --- [galaxy-gym-backend] [main] c.e.g.seeders.TrainerSeeder              : Successfully seeded 0 trainers.
2026-06-16T15:19:11.436-06:00  INFO 18488 --- [galaxy-gym-backend] [main] c.e.g.seeders.TrainerSeeder              : Seeding trainers...
2026-06-16T15:19:11.438-06:00  INFO 18488 --- [galaxy-gym-backend] [main] c.e.g.seeders.TrainerSeeder              : Successfully seeded 1 trainers.
2026-06-16T15:19:11.793-06:00  INFO 18488 --- [galaxy-gym-backend] [SpringApplicationShutdownHook] j.LocalContainerEntityManagerFactoryBean : Closing JPA EntityManagerFactory for persistence unit 'default'
2026-06-16T15:19:12.069-06:00  INFO 18488 --- [galaxy-gym-backend] [SpringApplicationShutdownHook] com.zaxxer.hikari.HikariDataSource       : HikariPool-1 - Shutdown initiated...
2026-06-16T15:19:12.077-06:00  INFO 18488 --- [galaxy-gym-backend] [SpringApplicationShutdownHook] com.zaxxer.hikari.HikariDataSource       : HikariPool-1 - Shutdown completed.
2026-06-16T15:22:05.730-06:00  INFO 10272 --- [galaxy-gym-backend] [main] c.e.g.GalaxyGymBackendApplicationTests   : Starting GalaxyGymBackendApplicationTests using Java 25.0.2 with PID 10272 (started by melch in C:\Dev\java\GYM-SYSTEM\galaxy-gym-backend)
2026-06-16T15:22:05.732-06:00  INFO 10272 --- [galaxy-gym-backend] [main] c.e.g.GalaxyGymBackendApplicationTests   : No active profile set, falling back to 1 default profile: "default"
2026-06-16T15:22:07.524-06:00  INFO 10272 --- [galaxy-gym-backend] [main] .s.d.r.c.RepositoryConfigurationDelegate : Bootstrapping Spring Data JPA repositories in DEFAULT mode.
2026-06-16T15:22:07.657-06:00  INFO 10272 --- [galaxy-gym-backend] [main] .s.d.r.c.RepositoryConfigurationDelegate : Finished Spring Data repository scanning in 119 ms. Found 14 JPA repository interfaces.
2026-06-16T15:22:08.615-06:00  INFO 10272 --- [galaxy-gym-backend] [main] org.hibernate.orm.jpa                    : HHH008540: Processing PersistenceUnitInfo [name: default]
2026-06-16T15:22:08.730-06:00  INFO 10272 --- [galaxy-gym-backend] [main] org.hibernate.orm.core                   : HHH000001: Hibernate ORM core version 7.2.12.Final
2026-06-16T15:22:09.264-06:00  INFO 10272 --- [galaxy-gym-backend] [main] o.s.o.j.p.SpringPersistenceUnitInfo      : No LoadTimeWeaver setup: ignoring JPA class transformer
2026-06-16T15:22:09.330-06:00  INFO 10272 --- [galaxy-gym-backend] [main] com.zaxxer.hikari.HikariDataSource       : HikariPool-1 - Starting...
2026-06-16T15:22:09.813-06:00  INFO 10272 --- [galaxy-gym-backend] [main] com.zaxxer.hikari.pool.HikariPool        : HikariPool-1 - Added connection com.mysql.cj.jdbc.ConnectionImpl@7cd3f90d
2026-06-16T15:22:09.817-06:00  INFO 10272 --- [galaxy-gym-backend] [main] com.zaxxer.hikari.HikariDataSource       : HikariPool-1 - Start completed.
2026-06-16T15:22:09.934-06:00  WARN 10272 --- [galaxy-gym-backend] [main] org.hibernate.orm.deprecation            : HHH90000025: MySQLDialect does not need to be specified explicitly using 'hibernate.dialect' (remove the property setting and it will be selected by default)
2026-06-16T15:22:09.988-06:00  INFO 10272 --- [galaxy-gym-backend] [main] org.hibernate.orm.connections.pooling    : HHH10001005: Database info:
	Database JDBC URL [jdbc:mysql://localhost:3306/galaxy_gym_db?createDatabaseIfNotExist=true]
	Database driver: MySQL Connector/J
	Database dialect: MySQLDialect
	Database version: 8.0.32
	Default catalog/schema: galaxy_gym_db/undefined
	Autocommit mode: undefined/unknown
	Isolation level: REPEATABLE_READ [default REPEATABLE_READ]
	JDBC fetch size: none
	Pool: DataSourceConnectionProvider
	Minimum pool size: undefined/unknown
	Maximum pool size: undefined/unknown
2026-06-16T15:22:12.338-06:00  INFO 10272 --- [galaxy-gym-backend] [main] org.hibernate.orm.core                   : HHH000489: No JTA platform available (set 'hibernate.transaction.jta.platform' to enable JTA platform integration)
2026-06-16T15:22:12.513-06:00  INFO 10272 --- [galaxy-gym-backend] [main] j.LocalContainerEntityManagerFactoryBean : Initialized JPA EntityManagerFactory for persistence unit 'default'
2026-06-16T15:22:12.648-06:00  INFO 10272 --- [galaxy-gym-backend] [main] o.s.d.j.r.query.QueryEnhancerFactories   : Hibernate is in classpath; If applicable, HQL parser will be used.
2026-06-16T15:22:14.960-06:00  WARN 10272 --- [galaxy-gym-backend] [main] JpaBaseConfiguration$JpaWebConfiguration : spring.jpa.open-in-view is enabled by default. Therefore, database queries may be performed during view rendering. Explicitly configure spring.jpa.open-in-view to disable this warning
2026-06-16T15:22:15.990-06:00  INFO 10272 --- [galaxy-gym-backend] [main] c.e.g.GalaxyGymBackendApplicationTests   : Started GalaxyGymBackendApplicationTests in 10.809 seconds (process running for 26.104)
2026-06-16T15:22:16.127-06:00  INFO 10272 --- [galaxy-gym-backend] [main] c.e.g.seeders.RoleSeeder                 : Roles table already has data. Skipping seeding.
2026-06-16T15:22:16.135-06:00  INFO 10272 --- [galaxy-gym-backend] [main] c.e.g.seeders.ExerciseSeeder             : Exercises table already has data. Skipping seeding.
2026-06-16T15:22:16.143-06:00  INFO 10272 --- [galaxy-gym-backend] [main] c.e.g.seeders.EquipmentSeeder            : Equipment table already has data. Skipping seeding.
2026-06-16T15:22:16.151-06:00  INFO 10272 --- [galaxy-gym-backend] [main] c.e.g.seeders.UserSeeder                 : Users table already has data. Skipping seeding.
2026-06-16T15:22:16.159-06:00  INFO 10272 --- [galaxy-gym-backend] [main] c.e.g.seeders.TrainerSeeder              : Trainers table already has data. Skipping seeding.
2026-06-16T15:22:16.167-06:00  INFO 10272 --- [galaxy-gym-backend] [main] c.e.g.seeders.MembershipPlanSeeder       : Membership plans table already has data. Skipping seeding.
2026-06-16T15:22:16.175-06:00  INFO 10272 --- [galaxy-gym-backend] [main] c.e.g.seeders.MembershipSeeder           : Memberships table already has data. Skipping seeding.
2026-06-16T15:22:16.184-06:00  INFO 10272 --- [galaxy-gym-backend] [main] c.e.g.seeders.PaymentSeeder              : Payments table already has data. Skipping seeding.
2026-06-16T15:22:16.193-06:00  INFO 10272 --- [galaxy-gym-backend] [main] c.e.g.seeders.AttendanceSeeder           : Attendances table already has data. Skipping seeding.
2026-06-16T15:22:16.200-06:00  INFO 10272 --- [galaxy-gym-backend] [main] c.e.g.seeders.WorkoutRoutineSeeder       : Workout routines table already has data. Skipping seeding.
2026-06-16T15:22:16.209-06:00  INFO 10272 --- [galaxy-gym-backend] [main] c.e.g.seeders.RoutineExerciseSeeder      : Routine exercises table already has data. Skipping seeding.
2026-06-16T15:22:16.216-06:00  INFO 10272 --- [galaxy-gym-backend] [main] c.e.g.seeders.GymClassSeeder             : Gym classes table already has data. Skipping seeding.
2026-06-16T15:22:16.225-06:00  INFO 10272 --- [galaxy-gym-backend] [main] c.e.g.seeders.ReservationSeeder          : Reservations table already has data. Skipping seeding.
2026-06-16T15:22:16.232-06:00  INFO 10272 --- [galaxy-gym-backend] [main] c.e.g.seeders.NotificationSeeder         : Notifications table already has data. Skipping seeding.
2026-06-16T15:22:16.233-06:00  WARN 10272 --- [galaxy-gym-backend] [main] o.s.core.events.SpringDocAppInitializer  : SpringDoc /v3/api-docs endpoint is enabled by default. To disable it in production, set the property 'springdoc.api-docs.enabled=false'
2026-06-16T15:22:16.233-06:00  WARN 10272 --- [galaxy-gym-backend] [main] o.s.core.events.SpringDocAppInitializer  : SpringDoc /swagger-ui.html endpoint is enabled by default. To disable it in production, set the property 'springdoc.swagger-ui.enabled=false'
2026-06-16T15:22:16.555-06:00  INFO 10272 --- [galaxy-gym-backend] [main] c.e.g.seeders.AttendanceSeeder           : Attendances table already has data. Skipping seeding.
2026-06-16T15:22:16.569-06:00  INFO 10272 --- [galaxy-gym-backend] [main] c.e.g.seeders.AttendanceSeeder           : Seeding 1000+ attendances...
2026-06-16T15:22:16.569-06:00 ERROR 10272 --- [galaxy-gym-backend] [main] c.e.g.seeders.AttendanceSeeder           : No memberships found to seed attendances!
2026-06-16T15:22:16.570-06:00  INFO 10272 --- [galaxy-gym-backend] [main] c.e.g.seeders.AttendanceSeeder           : Seeding 1000+ attendances...
2026-06-16T15:22:16.570-06:00  INFO 10272 --- [galaxy-gym-backend] [main] c.e.g.seeders.AttendanceSeeder           : Successfully seeded 2 attendances.
2026-06-16T15:22:16.665-06:00  INFO 10272 --- [galaxy-gym-backend] [main] c.e.g.seeders.PaymentSeeder              : Payments table already has data. Skipping seeding.
2026-06-16T15:22:16.666-06:00  INFO 10272 --- [galaxy-gym-backend] [main] c.e.g.seeders.PaymentSeeder              : Seeding 1000+ payments...
2026-06-16T15:22:16.666-06:00 ERROR 10272 --- [galaxy-gym-backend] [main] c.e.g.seeders.PaymentSeeder              : No memberships found to seed payments!
2026-06-16T15:22:16.667-06:00  INFO 10272 --- [galaxy-gym-backend] [main] c.e.g.seeders.PaymentSeeder              : Seeding 1000+ payments...
2026-06-16T15:22:16.668-06:00  INFO 10272 --- [galaxy-gym-backend] [main] c.e.g.seeders.PaymentSeeder              : Successfully seeded 2 payments.
2026-06-16T15:22:16.884-06:00  INFO 10272 --- [galaxy-gym-backend] [main] c.e.g.seeders.GymClassSeeder             : Gym classes table already has data. Skipping seeding.
2026-06-16T15:22:16.885-06:00  INFO 10272 --- [galaxy-gym-backend] [main] c.e.g.seeders.GymClassSeeder             : Seeding gym classes...
2026-06-16T15:22:16.885-06:00 ERROR 10272 --- [galaxy-gym-backend] [main] c.e.g.seeders.GymClassSeeder             : No trainers found to seed gym classes!
2026-06-16T15:22:16.886-06:00  INFO 10272 --- [galaxy-gym-backend] [main] c.e.g.seeders.GymClassSeeder             : Seeding gym classes...
2026-06-16T15:22:16.887-06:00  INFO 10272 --- [galaxy-gym-backend] [main] c.e.g.seeders.GymClassSeeder             : Successfully seeded 3 gym classes.
2026-06-16T15:22:16.990-06:00  INFO 10272 --- [galaxy-gym-backend] [main] c.e.g.seeders.ReservationSeeder          : Reservations table already has data. Skipping seeding.
2026-06-16T15:22:16.991-06:00  INFO 10272 --- [galaxy-gym-backend] [main] c.e.g.seeders.ReservationSeeder          : Seeding 1000+ reservations...
2026-06-16T15:22:16.993-06:00 ERROR 10272 --- [galaxy-gym-backend] [main] c.e.g.seeders.ReservationSeeder          : No members or classes found to seed reservations!
2026-06-16T15:22:16.993-06:00  INFO 10272 --- [galaxy-gym-backend] [main] c.e.g.seeders.ReservationSeeder          : Seeding 1000+ reservations...
2026-06-16T15:22:16.993-06:00  INFO 10272 --- [galaxy-gym-backend] [main] c.e.g.seeders.ReservationSeeder          : Successfully seeded 2 reservations.
2026-06-16T15:22:17.276-06:00  INFO 10272 --- [galaxy-gym-backend] [main] c.e.g.seeders.RoutineExerciseSeeder      : Routine exercises table already has data. Skipping seeding.
2026-06-16T15:22:17.278-06:00  INFO 10272 --- [galaxy-gym-backend] [main] c.e.g.seeders.RoutineExerciseSeeder      : Seeding routine exercises...
2026-06-16T15:22:17.279-06:00 ERROR 10272 --- [galaxy-gym-backend] [main] c.e.g.seeders.RoutineExerciseSeeder      : No routines or exercises found to seed routine exercises!
2026-06-16T15:22:17.279-06:00  INFO 10272 --- [galaxy-gym-backend] [main] c.e.g.seeders.RoutineExerciseSeeder      : Seeding routine exercises...
2026-06-16T15:22:17.280-06:00  INFO 10272 --- [galaxy-gym-backend] [main] c.e.g.seeders.RoutineExerciseSeeder      : Successfully seeded routine exercises.
2026-06-16T15:22:17.369-06:00  INFO 10272 --- [galaxy-gym-backend] [main] c.e.g.seeders.EquipmentSeeder            : Equipment table already has data. Skipping seeding.
2026-06-16T15:22:17.370-06:00  INFO 10272 --- [galaxy-gym-backend] [main] c.e.g.seeders.EquipmentSeeder            : Seeding initial equipment...
2026-06-16T15:22:17.370-06:00  INFO 10272 --- [galaxy-gym-backend] [main] c.e.g.seeders.EquipmentSeeder            : Successfully seeded 4 equipment.
2026-06-16T15:22:17.462-06:00  INFO 10272 --- [galaxy-gym-backend] [main] c.e.g.seeders.NotificationSeeder         : Notifications table already has data. Skipping seeding.
2026-06-16T15:22:17.463-06:00  INFO 10272 --- [galaxy-gym-backend] [main] c.e.g.seeders.NotificationSeeder         : Seeding notifications...
2026-06-16T15:22:17.463-06:00 ERROR 10272 --- [galaxy-gym-backend] [main] c.e.g.seeders.NotificationSeeder         : No members found to seed notifications!
2026-06-16T15:22:17.464-06:00  INFO 10272 --- [galaxy-gym-backend] [main] c.e.g.seeders.NotificationSeeder         : Seeding notifications...
2026-06-16T15:22:17.464-06:00  INFO 10272 --- [galaxy-gym-backend] [main] c.e.g.seeders.NotificationSeeder         : Successfully seeded 1 notifications.
2026-06-16T15:22:17.467-06:00  INFO 10272 --- [galaxy-gym-backend] [main] c.e.g.seeders.RoleSeeder                 : Roles table already has data. Skipping seeding.
2026-06-16T15:22:17.468-06:00  INFO 10272 --- [galaxy-gym-backend] [main] c.e.g.seeders.RoleSeeder                 : Seeding initial roles...
2026-06-16T15:22:17.469-06:00  INFO 10272 --- [galaxy-gym-backend] [main] c.e.g.seeders.RoleSeeder                 : Successfully seeded 7 roles.
2026-06-16T15:22:17.472-06:00  INFO 10272 --- [galaxy-gym-backend] [main] c.e.g.seeders.UserSeeder                 : Users table already has data. Skipping seeding.
2026-06-16T15:22:17.473-06:00  INFO 10272 --- [galaxy-gym-backend] [main] c.e.g.seeders.UserSeeder                 : Seeding 1000+ users...
2026-06-16T15:22:17.486-06:00  INFO 10272 --- [galaxy-gym-backend] [main] c.e.g.seeders.UserSeeder                 : Successfully seeded 1001 users.
2026-06-16T15:22:17.617-06:00  INFO 10272 --- [galaxy-gym-backend] [main] c.e.g.seeders.MembershipPlanSeeder       : Membership plans table already has data. Skipping seeding.
2026-06-16T15:22:17.617-06:00  INFO 10272 --- [galaxy-gym-backend] [main] c.e.g.seeders.MembershipPlanSeeder       : Seeding membership plans...
2026-06-16T15:22:17.619-06:00  INFO 10272 --- [galaxy-gym-backend] [main] c.e.g.seeders.MembershipPlanSeeder       : Successfully seeded 4 membership plans.
2026-06-16T15:22:17.624-06:00  INFO 10272 --- [galaxy-gym-backend] [main] c.e.g.seeders.WorkoutRoutineSeeder       : Workout routines table already has data. Skipping seeding.
2026-06-16T15:22:17.626-06:00  INFO 10272 --- [galaxy-gym-backend] [main] c.e.g.seeders.WorkoutRoutineSeeder       : Seeding workout routines...
2026-06-16T15:22:17.626-06:00 ERROR 10272 --- [galaxy-gym-backend] [main] c.e.g.seeders.WorkoutRoutineSeeder       : No trainers found to seed workout routines!
2026-06-16T15:22:17.629-06:00  INFO 10272 --- [galaxy-gym-backend] [main] c.e.g.seeders.WorkoutRoutineSeeder       : Seeding workout routines...
2026-06-16T15:22:17.631-06:00  INFO 10272 --- [galaxy-gym-backend] [main] c.e.g.seeders.WorkoutRoutineSeeder       : Successfully seeded 3 workout routines.
2026-06-16T15:22:17.635-06:00  INFO 10272 --- [galaxy-gym-backend] [main] c.e.g.seeders.ExerciseSeeder             : Exercises table already has data. Skipping seeding.
2026-06-16T15:22:17.636-06:00  INFO 10272 --- [galaxy-gym-backend] [main] c.e.g.seeders.ExerciseSeeder             : Seeding initial exercises...
2026-06-16T15:22:17.637-06:00  INFO 10272 --- [galaxy-gym-backend] [main] c.e.g.seeders.ExerciseSeeder             : Successfully seeded 5 exercises.
2026-06-16T15:22:17.641-06:00  INFO 10272 --- [galaxy-gym-backend] [main] c.e.g.seeders.MembershipSeeder           : Memberships table already has data. Skipping seeding.
2026-06-16T15:22:17.643-06:00  INFO 10272 --- [galaxy-gym-backend] [main] c.e.g.seeders.MembershipSeeder           : Seeding memberships for all members...
2026-06-16T15:22:17.644-06:00 ERROR 10272 --- [galaxy-gym-backend] [main] c.e.g.seeders.MembershipSeeder           : No membership plans found to seed memberships!
2026-06-16T15:22:17.647-06:00  INFO 10272 --- [galaxy-gym-backend] [main] c.e.g.seeders.MembershipSeeder           : Seeding memberships for all members...
2026-06-16T15:22:17.648-06:00  INFO 10272 --- [galaxy-gym-backend] [main] c.e.g.seeders.MembershipSeeder           : Successfully seeded 1 memberships.
2026-06-16T15:22:17.651-06:00  INFO 10272 --- [galaxy-gym-backend] [main] c.e.g.seeders.TrainerSeeder              : Trainers table already has data. Skipping seeding.
2026-06-16T15:22:17.653-06:00  INFO 10272 --- [galaxy-gym-backend] [main] c.e.g.seeders.TrainerSeeder              : Seeding trainers...
2026-06-16T15:22:17.655-06:00  INFO 10272 --- [galaxy-gym-backend] [main] c.e.g.seeders.TrainerSeeder              : Successfully seeded 0 trainers.
2026-06-16T15:22:17.657-06:00  INFO 10272 --- [galaxy-gym-backend] [main] c.e.g.seeders.TrainerSeeder              : Seeding trainers...
2026-06-16T15:22:17.658-06:00  INFO 10272 --- [galaxy-gym-backend] [main] c.e.g.seeders.TrainerSeeder              : Successfully seeded 1 trainers.
2026-06-16T15:22:18.237-06:00  INFO 10272 --- [galaxy-gym-backend] [SpringApplicationShutdownHook] j.LocalContainerEntityManagerFactoryBean : Closing JPA EntityManagerFactory for persistence unit 'default'
2026-06-16T15:22:18.482-06:00  INFO 10272 --- [galaxy-gym-backend] [SpringApplicationShutdownHook] com.zaxxer.hikari.HikariDataSource       : HikariPool-1 - Shutdown initiated...
2026-06-16T15:22:18.488-06:00  INFO 10272 --- [galaxy-gym-backend] [SpringApplicationShutdownHook] com.zaxxer.hikari.HikariDataSource       : HikariPool-1 - Shutdown completed.
2026-06-16T15:24:07.147-06:00  INFO 26216 --- [galaxy-gym-backend] [main] c.e.g.GalaxyGymBackendApplicationTests   : Starting GalaxyGymBackendApplicationTests using Java 25.0.2 with PID 26216 (started by melch in C:\Dev\java\GYM-SYSTEM\galaxy-gym-backend)
2026-06-16T15:24:07.149-06:00  INFO 26216 --- [galaxy-gym-backend] [main] c.e.g.GalaxyGymBackendApplicationTests   : No active profile set, falling back to 1 default profile: "default"
2026-06-16T15:24:08.948-06:00  INFO 26216 --- [galaxy-gym-backend] [main] .s.d.r.c.RepositoryConfigurationDelegate : Bootstrapping Spring Data JPA repositories in DEFAULT mode.
2026-06-16T15:24:09.079-06:00  INFO 26216 --- [galaxy-gym-backend] [main] .s.d.r.c.RepositoryConfigurationDelegate : Finished Spring Data repository scanning in 116 ms. Found 14 JPA repository interfaces.
2026-06-16T15:24:10.005-06:00  INFO 26216 --- [galaxy-gym-backend] [main] org.hibernate.orm.jpa                    : HHH008540: Processing PersistenceUnitInfo [name: default]
2026-06-16T15:24:10.096-06:00  INFO 26216 --- [galaxy-gym-backend] [main] org.hibernate.orm.core                   : HHH000001: Hibernate ORM core version 7.2.12.Final
2026-06-16T15:24:10.623-06:00  INFO 26216 --- [galaxy-gym-backend] [main] o.s.o.j.p.SpringPersistenceUnitInfo      : No LoadTimeWeaver setup: ignoring JPA class transformer
2026-06-16T15:24:10.680-06:00  INFO 26216 --- [galaxy-gym-backend] [main] com.zaxxer.hikari.HikariDataSource       : HikariPool-1 - Starting...
2026-06-16T15:24:11.187-06:00  INFO 26216 --- [galaxy-gym-backend] [main] com.zaxxer.hikari.pool.HikariPool        : HikariPool-1 - Added connection com.mysql.cj.jdbc.ConnectionImpl@581fe627
2026-06-16T15:24:11.190-06:00  INFO 26216 --- [galaxy-gym-backend] [main] com.zaxxer.hikari.HikariDataSource       : HikariPool-1 - Start completed.
2026-06-16T15:24:11.324-06:00  WARN 26216 --- [galaxy-gym-backend] [main] org.hibernate.orm.deprecation            : HHH90000025: MySQLDialect does not need to be specified explicitly using 'hibernate.dialect' (remove the property setting and it will be selected by default)
2026-06-16T15:24:11.376-06:00  INFO 26216 --- [galaxy-gym-backend] [main] org.hibernate.orm.connections.pooling    : HHH10001005: Database info:
	Database JDBC URL [jdbc:mysql://localhost:3306/galaxy_gym_db?createDatabaseIfNotExist=true]
	Database driver: MySQL Connector/J
	Database dialect: MySQLDialect
	Database version: 8.0.32
	Default catalog/schema: galaxy_gym_db/undefined
	Autocommit mode: undefined/unknown
	Isolation level: REPEATABLE_READ [default REPEATABLE_READ]
	JDBC fetch size: none
	Pool: DataSourceConnectionProvider
	Minimum pool size: undefined/unknown
	Maximum pool size: undefined/unknown
2026-06-16T15:24:13.598-06:00  INFO 26216 --- [galaxy-gym-backend] [main] org.hibernate.orm.core                   : HHH000489: No JTA platform available (set 'hibernate.transaction.jta.platform' to enable JTA platform integration)
2026-06-16T15:24:13.770-06:00  INFO 26216 --- [galaxy-gym-backend] [main] j.LocalContainerEntityManagerFactoryBean : Initialized JPA EntityManagerFactory for persistence unit 'default'
2026-06-16T15:24:13.908-06:00  INFO 26216 --- [galaxy-gym-backend] [main] o.s.d.j.r.query.QueryEnhancerFactories   : Hibernate is in classpath; If applicable, HQL parser will be used.
2026-06-16T15:24:16.062-06:00  WARN 26216 --- [galaxy-gym-backend] [main] JpaBaseConfiguration$JpaWebConfiguration : spring.jpa.open-in-view is enabled by default. Therefore, database queries may be performed during view rendering. Explicitly configure spring.jpa.open-in-view to disable this warning
2026-06-16T15:24:17.132-06:00  INFO 26216 --- [galaxy-gym-backend] [main] c.e.g.GalaxyGymBackendApplicationTests   : Started GalaxyGymBackendApplicationTests in 10.614 seconds (process running for 25.117)
2026-06-16T15:24:17.286-06:00  INFO 26216 --- [galaxy-gym-backend] [main] c.e.g.seeders.RoleSeeder                 : Roles table already has data. Skipping seeding.
2026-06-16T15:24:17.297-06:00  INFO 26216 --- [galaxy-gym-backend] [main] c.e.g.seeders.ExerciseSeeder             : Exercises table already has data. Skipping seeding.
2026-06-16T15:24:17.306-06:00  INFO 26216 --- [galaxy-gym-backend] [main] c.e.g.seeders.EquipmentSeeder            : Equipment table already has data. Skipping seeding.
2026-06-16T15:24:17.313-06:00  INFO 26216 --- [galaxy-gym-backend] [main] c.e.g.seeders.UserSeeder                 : Users table already has data. Skipping seeding.
2026-06-16T15:24:17.322-06:00  INFO 26216 --- [galaxy-gym-backend] [main] c.e.g.seeders.TrainerSeeder              : Trainers table already has data. Skipping seeding.
2026-06-16T15:24:17.330-06:00  INFO 26216 --- [galaxy-gym-backend] [main] c.e.g.seeders.MembershipPlanSeeder       : Membership plans table already has data. Skipping seeding.
2026-06-16T15:24:17.338-06:00  INFO 26216 --- [galaxy-gym-backend] [main] c.e.g.seeders.MembershipSeeder           : Memberships table already has data. Skipping seeding.
2026-06-16T15:24:17.346-06:00  INFO 26216 --- [galaxy-gym-backend] [main] c.e.g.seeders.PaymentSeeder              : Payments table already has data. Skipping seeding.
2026-06-16T15:24:17.355-06:00  INFO 26216 --- [galaxy-gym-backend] [main] c.e.g.seeders.AttendanceSeeder           : Attendances table already has data. Skipping seeding.
2026-06-16T15:24:17.363-06:00  INFO 26216 --- [galaxy-gym-backend] [main] c.e.g.seeders.WorkoutRoutineSeeder       : Workout routines table already has data. Skipping seeding.
2026-06-16T15:24:17.370-06:00  INFO 26216 --- [galaxy-gym-backend] [main] c.e.g.seeders.RoutineExerciseSeeder      : Routine exercises table already has data. Skipping seeding.
2026-06-16T15:24:17.379-06:00  INFO 26216 --- [galaxy-gym-backend] [main] c.e.g.seeders.GymClassSeeder             : Gym classes table already has data. Skipping seeding.
2026-06-16T15:24:17.386-06:00  INFO 26216 --- [galaxy-gym-backend] [main] c.e.g.seeders.ReservationSeeder          : Reservations table already has data. Skipping seeding.
2026-06-16T15:24:17.396-06:00  INFO 26216 --- [galaxy-gym-backend] [main] c.e.g.seeders.NotificationSeeder         : Notifications table already has data. Skipping seeding.
2026-06-16T15:24:17.398-06:00  WARN 26216 --- [galaxy-gym-backend] [main] o.s.core.events.SpringDocAppInitializer  : SpringDoc /v3/api-docs endpoint is enabled by default. To disable it in production, set the property 'springdoc.api-docs.enabled=false'
2026-06-16T15:24:17.398-06:00  WARN 26216 --- [galaxy-gym-backend] [main] o.s.core.events.SpringDocAppInitializer  : SpringDoc /swagger-ui.html endpoint is enabled by default. To disable it in production, set the property 'springdoc.swagger-ui.enabled=false'
2026-06-16T15:24:17.980-06:00  INFO 26216 --- [galaxy-gym-backend] [main] c.e.g.seeders.AttendanceSeeder           : Attendances table already has data. Skipping seeding.
2026-06-16T15:24:17.981-06:00  INFO 26216 --- [galaxy-gym-backend] [main] c.e.g.seeders.AttendanceSeeder           : Seeding 1000+ attendances...
2026-06-16T15:24:17.981-06:00 ERROR 26216 --- [galaxy-gym-backend] [main] c.e.g.seeders.AttendanceSeeder           : No memberships found to seed attendances!
2026-06-16T15:24:17.982-06:00  INFO 26216 --- [galaxy-gym-backend] [main] c.e.g.seeders.AttendanceSeeder           : Seeding 1000+ attendances...
2026-06-16T15:24:17.982-06:00  INFO 26216 --- [galaxy-gym-backend] [main] c.e.g.seeders.AttendanceSeeder           : Successfully seeded 2 attendances.
2026-06-16T15:24:18.074-06:00  INFO 26216 --- [galaxy-gym-backend] [main] c.e.g.seeders.PaymentSeeder              : Payments table already has data. Skipping seeding.
2026-06-16T15:24:18.075-06:00  INFO 26216 --- [galaxy-gym-backend] [main] c.e.g.seeders.PaymentSeeder              : Seeding 1000+ payments...
2026-06-16T15:24:18.075-06:00 ERROR 26216 --- [galaxy-gym-backend] [main] c.e.g.seeders.PaymentSeeder              : No memberships found to seed payments!
2026-06-16T15:24:18.076-06:00  INFO 26216 --- [galaxy-gym-backend] [main] c.e.g.seeders.PaymentSeeder              : Seeding 1000+ payments...
2026-06-16T15:24:18.078-06:00  INFO 26216 --- [galaxy-gym-backend] [main] c.e.g.seeders.PaymentSeeder              : Successfully seeded 2 payments.
2026-06-16T15:24:18.293-06:00  INFO 26216 --- [galaxy-gym-backend] [main] c.e.g.seeders.GymClassSeeder             : Gym classes table already has data. Skipping seeding.
2026-06-16T15:24:18.293-06:00  INFO 26216 --- [galaxy-gym-backend] [main] c.e.g.seeders.GymClassSeeder             : Seeding gym classes...
2026-06-16T15:24:18.295-06:00 ERROR 26216 --- [galaxy-gym-backend] [main] c.e.g.seeders.GymClassSeeder             : No trainers found to seed gym classes!
2026-06-16T15:24:18.296-06:00  INFO 26216 --- [galaxy-gym-backend] [main] c.e.g.seeders.GymClassSeeder             : Seeding gym classes...
2026-06-16T15:24:18.297-06:00  INFO 26216 --- [galaxy-gym-backend] [main] c.e.g.seeders.GymClassSeeder             : Successfully seeded 3 gym classes.
2026-06-16T15:24:18.381-06:00  INFO 26216 --- [galaxy-gym-backend] [main] c.e.g.seeders.ReservationSeeder          : Reservations table already has data. Skipping seeding.
2026-06-16T15:24:18.382-06:00  INFO 26216 --- [galaxy-gym-backend] [main] c.e.g.seeders.ReservationSeeder          : Seeding 1000+ reservations...
2026-06-16T15:24:18.383-06:00 ERROR 26216 --- [galaxy-gym-backend] [main] c.e.g.seeders.ReservationSeeder          : No members or classes found to seed reservations!
2026-06-16T15:24:18.384-06:00  INFO 26216 --- [galaxy-gym-backend] [main] c.e.g.seeders.ReservationSeeder          : Seeding 1000+ reservations...
2026-06-16T15:24:18.384-06:00  INFO 26216 --- [galaxy-gym-backend] [main] c.e.g.seeders.ReservationSeeder          : Successfully seeded 2 reservations.
2026-06-16T15:24:18.638-06:00  INFO 26216 --- [galaxy-gym-backend] [main] c.e.g.seeders.RoutineExerciseSeeder      : Routine exercises table already has data. Skipping seeding.
2026-06-16T15:24:18.639-06:00  INFO 26216 --- [galaxy-gym-backend] [main] c.e.g.seeders.RoutineExerciseSeeder      : Seeding routine exercises...
2026-06-16T15:24:18.640-06:00 ERROR 26216 --- [galaxy-gym-backend] [main] c.e.g.seeders.RoutineExerciseSeeder      : No routines or exercises found to seed routine exercises!
2026-06-16T15:24:18.641-06:00  INFO 26216 --- [galaxy-gym-backend] [main] c.e.g.seeders.RoutineExerciseSeeder      : Seeding routine exercises...
2026-06-16T15:24:18.643-06:00  INFO 26216 --- [galaxy-gym-backend] [main] c.e.g.seeders.RoutineExerciseSeeder      : Successfully seeded routine exercises.
2026-06-16T15:24:18.732-06:00  INFO 26216 --- [galaxy-gym-backend] [main] c.e.g.seeders.EquipmentSeeder            : Equipment table already has data. Skipping seeding.
2026-06-16T15:24:18.733-06:00  INFO 26216 --- [galaxy-gym-backend] [main] c.e.g.seeders.EquipmentSeeder            : Seeding initial equipment...
2026-06-16T15:24:18.733-06:00  INFO 26216 --- [galaxy-gym-backend] [main] c.e.g.seeders.EquipmentSeeder            : Successfully seeded 4 equipment.
2026-06-16T15:24:18.845-06:00  INFO 26216 --- [galaxy-gym-backend] [main] c.e.g.seeders.NotificationSeeder         : Notifications table already has data. Skipping seeding.
2026-06-16T15:24:18.846-06:00  INFO 26216 --- [galaxy-gym-backend] [main] c.e.g.seeders.NotificationSeeder         : Seeding notifications...
2026-06-16T15:24:18.849-06:00 ERROR 26216 --- [galaxy-gym-backend] [main] c.e.g.seeders.NotificationSeeder         : No members found to seed notifications!
2026-06-16T15:24:18.849-06:00  INFO 26216 --- [galaxy-gym-backend] [main] c.e.g.seeders.NotificationSeeder         : Seeding notifications...
2026-06-16T15:24:18.850-06:00  INFO 26216 --- [galaxy-gym-backend] [main] c.e.g.seeders.NotificationSeeder         : Successfully seeded 1 notifications.
2026-06-16T15:24:18.855-06:00  INFO 26216 --- [galaxy-gym-backend] [main] c.e.g.seeders.RoleSeeder                 : Roles table already has data. Skipping seeding.
2026-06-16T15:24:18.856-06:00  INFO 26216 --- [galaxy-gym-backend] [main] c.e.g.seeders.RoleSeeder                 : Seeding initial roles...
2026-06-16T15:24:18.857-06:00  INFO 26216 --- [galaxy-gym-backend] [main] c.e.g.seeders.RoleSeeder                 : Successfully seeded 7 roles.
2026-06-16T15:24:18.861-06:00  INFO 26216 --- [galaxy-gym-backend] [main] c.e.g.seeders.UserSeeder                 : Users table already has data. Skipping seeding.
2026-06-16T15:24:18.879-06:00  INFO 26216 --- [galaxy-gym-backend] [main] c.e.g.seeders.UserSeeder                 : Seeding 1000+ users...
2026-06-16T15:24:18.900-06:00  INFO 26216 --- [galaxy-gym-backend] [main] c.e.g.seeders.UserSeeder                 : Successfully seeded 1001 users.
2026-06-16T15:24:19.038-06:00  INFO 26216 --- [galaxy-gym-backend] [main] c.e.g.seeders.MembershipPlanSeeder       : Membership plans table already has data. Skipping seeding.
2026-06-16T15:24:19.039-06:00  INFO 26216 --- [galaxy-gym-backend] [main] c.e.g.seeders.MembershipPlanSeeder       : Seeding membership plans...
2026-06-16T15:24:19.040-06:00  INFO 26216 --- [galaxy-gym-backend] [main] c.e.g.seeders.MembershipPlanSeeder       : Successfully seeded 4 membership plans.
2026-06-16T15:24:19.046-06:00  INFO 26216 --- [galaxy-gym-backend] [main] c.e.g.seeders.WorkoutRoutineSeeder       : Workout routines table already has data. Skipping seeding.
2026-06-16T15:24:19.048-06:00  INFO 26216 --- [galaxy-gym-backend] [main] c.e.g.seeders.WorkoutRoutineSeeder       : Seeding workout routines...
2026-06-16T15:24:19.048-06:00 ERROR 26216 --- [galaxy-gym-backend] [main] c.e.g.seeders.WorkoutRoutineSeeder       : No trainers found to seed workout routines!
2026-06-16T15:24:19.049-06:00  INFO 26216 --- [galaxy-gym-backend] [main] c.e.g.seeders.WorkoutRoutineSeeder       : Seeding workout routines...
2026-06-16T15:24:19.050-06:00  INFO 26216 --- [galaxy-gym-backend] [main] c.e.g.seeders.WorkoutRoutineSeeder       : Successfully seeded 3 workout routines.
2026-06-16T15:24:19.055-06:00  INFO 26216 --- [galaxy-gym-backend] [main] c.e.g.seeders.ExerciseSeeder             : Exercises table already has data. Skipping seeding.
2026-06-16T15:24:19.056-06:00  INFO 26216 --- [galaxy-gym-backend] [main] c.e.g.seeders.ExerciseSeeder             : Seeding initial exercises...
2026-06-16T15:24:19.057-06:00  INFO 26216 --- [galaxy-gym-backend] [main] c.e.g.seeders.ExerciseSeeder             : Successfully seeded 5 exercises.
2026-06-16T15:24:19.061-06:00  INFO 26216 --- [galaxy-gym-backend] [main] c.e.g.seeders.MembershipSeeder           : Memberships table already has data. Skipping seeding.
2026-06-16T15:24:19.064-06:00  INFO 26216 --- [galaxy-gym-backend] [main] c.e.g.seeders.MembershipSeeder           : Seeding memberships for all members...
2026-06-16T15:24:19.065-06:00 ERROR 26216 --- [galaxy-gym-backend] [main] c.e.g.seeders.MembershipSeeder           : No membership plans found to seed memberships!
2026-06-16T15:24:19.066-06:00  INFO 26216 --- [galaxy-gym-backend] [main] c.e.g.seeders.MembershipSeeder           : Seeding memberships for all members...
2026-06-16T15:24:19.067-06:00  INFO 26216 --- [galaxy-gym-backend] [main] c.e.g.seeders.MembershipSeeder           : Successfully seeded 1 memberships.
2026-06-16T15:24:19.071-06:00  INFO 26216 --- [galaxy-gym-backend] [main] c.e.g.seeders.TrainerSeeder              : Trainers table already has data. Skipping seeding.
2026-06-16T15:24:19.072-06:00  INFO 26216 --- [galaxy-gym-backend] [main] c.e.g.seeders.TrainerSeeder              : Seeding trainers...
2026-06-16T15:24:19.074-06:00  INFO 26216 --- [galaxy-gym-backend] [main] c.e.g.seeders.TrainerSeeder              : Successfully seeded 0 trainers.
2026-06-16T15:24:19.076-06:00  INFO 26216 --- [galaxy-gym-backend] [main] c.e.g.seeders.TrainerSeeder              : Seeding trainers...
2026-06-16T15:24:19.077-06:00  INFO 26216 --- [galaxy-gym-backend] [main] c.e.g.seeders.TrainerSeeder              : Successfully seeded 1 trainers.
2026-06-16T15:24:19.931-06:00  INFO 26216 --- [galaxy-gym-backend] [SpringApplicationShutdownHook] j.LocalContainerEntityManagerFactoryBean : Closing JPA EntityManagerFactory for persistence unit 'default'
2026-06-16T15:24:20.170-06:00  INFO 26216 --- [galaxy-gym-backend] [SpringApplicationShutdownHook] com.zaxxer.hikari.HikariDataSource       : HikariPool-1 - Shutdown initiated...
2026-06-16T15:24:20.178-06:00  INFO 26216 --- [galaxy-gym-backend] [SpringApplicationShutdownHook] com.zaxxer.hikari.HikariDataSource       : HikariPool-1 - Shutdown completed.
2026-06-16T15:26:18.352-06:00  INFO 24904 --- [galaxy-gym-backend] [main] c.e.g.GalaxyGymBackendApplicationTests   : Starting GalaxyGymBackendApplicationTests using Java 25.0.2 with PID 24904 (started by melch in C:\Dev\java\GYM-SYSTEM\galaxy-gym-backend)
2026-06-16T15:26:18.354-06:00  INFO 24904 --- [galaxy-gym-backend] [main] c.e.g.GalaxyGymBackendApplicationTests   : No active profile set, falling back to 1 default profile: "default"
2026-06-16T15:26:20.114-06:00  INFO 24904 --- [galaxy-gym-backend] [main] .s.d.r.c.RepositoryConfigurationDelegate : Bootstrapping Spring Data JPA repositories in DEFAULT mode.
2026-06-16T15:26:20.254-06:00  INFO 24904 --- [galaxy-gym-backend] [main] .s.d.r.c.RepositoryConfigurationDelegate : Finished Spring Data repository scanning in 127 ms. Found 14 JPA repository interfaces.
2026-06-16T15:26:21.219-06:00  INFO 24904 --- [galaxy-gym-backend] [main] org.hibernate.orm.jpa                    : HHH008540: Processing PersistenceUnitInfo [name: default]
2026-06-16T15:26:21.340-06:00  INFO 24904 --- [galaxy-gym-backend] [main] org.hibernate.orm.core                   : HHH000001: Hibernate ORM core version 7.2.12.Final
2026-06-16T15:26:22.050-06:00  INFO 24904 --- [galaxy-gym-backend] [main] o.s.o.j.p.SpringPersistenceUnitInfo      : No LoadTimeWeaver setup: ignoring JPA class transformer
2026-06-16T15:26:22.111-06:00  INFO 24904 --- [galaxy-gym-backend] [main] com.zaxxer.hikari.HikariDataSource       : HikariPool-1 - Starting...
2026-06-16T15:26:22.598-06:00  INFO 24904 --- [galaxy-gym-backend] [main] com.zaxxer.hikari.pool.HikariPool        : HikariPool-1 - Added connection com.mysql.cj.jdbc.ConnectionImpl@d078782
2026-06-16T15:26:22.601-06:00  INFO 24904 --- [galaxy-gym-backend] [main] com.zaxxer.hikari.HikariDataSource       : HikariPool-1 - Start completed.
2026-06-16T15:26:22.702-06:00  WARN 24904 --- [galaxy-gym-backend] [main] org.hibernate.orm.deprecation            : HHH90000025: MySQLDialect does not need to be specified explicitly using 'hibernate.dialect' (remove the property setting and it will be selected by default)
2026-06-16T15:26:22.744-06:00  INFO 24904 --- [galaxy-gym-backend] [main] org.hibernate.orm.connections.pooling    : HHH10001005: Database info:
	Database JDBC URL [jdbc:mysql://localhost:3306/galaxy_gym_db?createDatabaseIfNotExist=true]
	Database driver: MySQL Connector/J
	Database dialect: MySQLDialect
	Database version: 8.0.32
	Default catalog/schema: galaxy_gym_db/undefined
	Autocommit mode: undefined/unknown
	Isolation level: REPEATABLE_READ [default REPEATABLE_READ]
	JDBC fetch size: none
	Pool: DataSourceConnectionProvider
	Minimum pool size: undefined/unknown
	Maximum pool size: undefined/unknown
2026-06-16T15:26:24.671-06:00  INFO 24904 --- [galaxy-gym-backend] [main] org.hibernate.orm.core                   : HHH000489: No JTA platform available (set 'hibernate.transaction.jta.platform' to enable JTA platform integration)
2026-06-16T15:26:24.834-06:00  INFO 24904 --- [galaxy-gym-backend] [main] j.LocalContainerEntityManagerFactoryBean : Initialized JPA EntityManagerFactory for persistence unit 'default'
2026-06-16T15:26:24.960-06:00  INFO 24904 --- [galaxy-gym-backend] [main] o.s.d.j.r.query.QueryEnhancerFactories   : Hibernate is in classpath; If applicable, HQL parser will be used.
2026-06-16T15:26:27.303-06:00  WARN 24904 --- [galaxy-gym-backend] [main] JpaBaseConfiguration$JpaWebConfiguration : spring.jpa.open-in-view is enabled by default. Therefore, database queries may be performed during view rendering. Explicitly configure spring.jpa.open-in-view to disable this warning
2026-06-16T15:26:28.343-06:00  INFO 24904 --- [galaxy-gym-backend] [main] c.e.g.GalaxyGymBackendApplicationTests   : Started GalaxyGymBackendApplicationTests in 10.522 seconds (process running for 24.452)
2026-06-16T15:26:28.482-06:00  INFO 24904 --- [galaxy-gym-backend] [main] c.e.g.seeders.RoleSeeder                 : Roles table already has data. Skipping seeding.
2026-06-16T15:26:28.491-06:00  INFO 24904 --- [galaxy-gym-backend] [main] c.e.g.seeders.ExerciseSeeder             : Exercises table already has data. Skipping seeding.
2026-06-16T15:26:28.497-06:00  INFO 24904 --- [galaxy-gym-backend] [main] c.e.g.seeders.EquipmentSeeder            : Equipment table already has data. Skipping seeding.
2026-06-16T15:26:28.505-06:00  INFO 24904 --- [galaxy-gym-backend] [main] c.e.g.seeders.UserSeeder                 : Users table already has data. Skipping seeding.
2026-06-16T15:26:28.514-06:00  INFO 24904 --- [galaxy-gym-backend] [main] c.e.g.seeders.TrainerSeeder              : Trainers table already has data. Skipping seeding.
2026-06-16T15:26:28.520-06:00  INFO 24904 --- [galaxy-gym-backend] [main] c.e.g.seeders.MembershipPlanSeeder       : Membership plans table already has data. Skipping seeding.
2026-06-16T15:26:28.529-06:00  INFO 24904 --- [galaxy-gym-backend] [main] c.e.g.seeders.MembershipSeeder           : Memberships table already has data. Skipping seeding.
2026-06-16T15:26:28.537-06:00  INFO 24904 --- [galaxy-gym-backend] [main] c.e.g.seeders.PaymentSeeder              : Payments table already has data. Skipping seeding.
2026-06-16T15:26:28.546-06:00  INFO 24904 --- [galaxy-gym-backend] [main] c.e.g.seeders.AttendanceSeeder           : Attendances table already has data. Skipping seeding.
2026-06-16T15:26:28.554-06:00  INFO 24904 --- [galaxy-gym-backend] [main] c.e.g.seeders.WorkoutRoutineSeeder       : Workout routines table already has data. Skipping seeding.
2026-06-16T15:26:28.562-06:00  INFO 24904 --- [galaxy-gym-backend] [main] c.e.g.seeders.RoutineExerciseSeeder      : Routine exercises table already has data. Skipping seeding.
2026-06-16T15:26:28.569-06:00  INFO 24904 --- [galaxy-gym-backend] [main] c.e.g.seeders.GymClassSeeder             : Gym classes table already has data. Skipping seeding.
2026-06-16T15:26:28.577-06:00  INFO 24904 --- [galaxy-gym-backend] [main] c.e.g.seeders.ReservationSeeder          : Reservations table already has data. Skipping seeding.
2026-06-16T15:26:28.585-06:00  INFO 24904 --- [galaxy-gym-backend] [main] c.e.g.seeders.NotificationSeeder         : Notifications table already has data. Skipping seeding.
2026-06-16T15:26:28.587-06:00  WARN 24904 --- [galaxy-gym-backend] [main] o.s.core.events.SpringDocAppInitializer  : SpringDoc /v3/api-docs endpoint is enabled by default. To disable it in production, set the property 'springdoc.api-docs.enabled=false'
2026-06-16T15:26:28.587-06:00  WARN 24904 --- [galaxy-gym-backend] [main] o.s.core.events.SpringDocAppInitializer  : SpringDoc /swagger-ui.html endpoint is enabled by default. To disable it in production, set the property 'springdoc.swagger-ui.enabled=false'
2026-06-16T15:26:29.143-06:00  INFO 24904 --- [galaxy-gym-backend] [main] c.e.g.seeders.AttendanceSeeder           : Attendances table already has data. Skipping seeding.
2026-06-16T15:26:29.144-06:00  INFO 24904 --- [galaxy-gym-backend] [main] c.e.g.seeders.AttendanceSeeder           : Seeding 1000+ attendances...
2026-06-16T15:26:29.144-06:00 ERROR 24904 --- [galaxy-gym-backend] [main] c.e.g.seeders.AttendanceSeeder           : No memberships found to seed attendances!
2026-06-16T15:26:29.145-06:00  INFO 24904 --- [galaxy-gym-backend] [main] c.e.g.seeders.AttendanceSeeder           : Seeding 1000+ attendances...
2026-06-16T15:26:29.146-06:00  INFO 24904 --- [galaxy-gym-backend] [main] c.e.g.seeders.AttendanceSeeder           : Successfully seeded 2 attendances.
2026-06-16T15:26:29.232-06:00  INFO 24904 --- [galaxy-gym-backend] [main] c.e.g.seeders.PaymentSeeder              : Payments table already has data. Skipping seeding.
2026-06-16T15:26:29.233-06:00  INFO 24904 --- [galaxy-gym-backend] [main] c.e.g.seeders.PaymentSeeder              : Seeding 1000+ payments...
2026-06-16T15:26:29.233-06:00 ERROR 24904 --- [galaxy-gym-backend] [main] c.e.g.seeders.PaymentSeeder              : No memberships found to seed payments!
2026-06-16T15:26:29.234-06:00  INFO 24904 --- [galaxy-gym-backend] [main] c.e.g.seeders.PaymentSeeder              : Seeding 1000+ payments...
2026-06-16T15:26:29.235-06:00  INFO 24904 --- [galaxy-gym-backend] [main] c.e.g.seeders.PaymentSeeder              : Successfully seeded 2 payments.
2026-06-16T15:26:29.467-06:00  INFO 24904 --- [galaxy-gym-backend] [main] c.e.g.seeders.GymClassSeeder             : Gym classes table already has data. Skipping seeding.
2026-06-16T15:26:29.468-06:00  INFO 24904 --- [galaxy-gym-backend] [main] c.e.g.seeders.GymClassSeeder             : Seeding gym classes...
2026-06-16T15:26:29.468-06:00 ERROR 24904 --- [galaxy-gym-backend] [main] c.e.g.seeders.GymClassSeeder             : No trainers found to seed gym classes!
2026-06-16T15:26:29.469-06:00  INFO 24904 --- [galaxy-gym-backend] [main] c.e.g.seeders.GymClassSeeder             : Seeding gym classes...
2026-06-16T15:26:29.469-06:00  INFO 24904 --- [galaxy-gym-backend] [main] c.e.g.seeders.GymClassSeeder             : Successfully seeded 3 gym classes.
2026-06-16T15:26:29.556-06:00  INFO 24904 --- [galaxy-gym-backend] [main] c.e.g.seeders.ReservationSeeder          : Reservations table already has data. Skipping seeding.
2026-06-16T15:26:29.557-06:00  INFO 24904 --- [galaxy-gym-backend] [main] c.e.g.seeders.ReservationSeeder          : Seeding 1000+ reservations...
2026-06-16T15:26:29.558-06:00 ERROR 24904 --- [galaxy-gym-backend] [main] c.e.g.seeders.ReservationSeeder          : No members or classes found to seed reservations!
2026-06-16T15:26:29.559-06:00  INFO 24904 --- [galaxy-gym-backend] [main] c.e.g.seeders.ReservationSeeder          : Seeding 1000+ reservations...
2026-06-16T15:26:29.559-06:00  INFO 24904 --- [galaxy-gym-backend] [main] c.e.g.seeders.ReservationSeeder          : Successfully seeded 2 reservations.
2026-06-16T15:26:29.830-06:00  INFO 24904 --- [galaxy-gym-backend] [main] c.e.g.seeders.RoutineExerciseSeeder      : Routine exercises table already has data. Skipping seeding.
2026-06-16T15:26:29.832-06:00  INFO 24904 --- [galaxy-gym-backend] [main] c.e.g.seeders.RoutineExerciseSeeder      : Seeding routine exercises...
2026-06-16T15:26:29.832-06:00 ERROR 24904 --- [galaxy-gym-backend] [main] c.e.g.seeders.RoutineExerciseSeeder      : No routines or exercises found to seed routine exercises!
2026-06-16T15:26:29.833-06:00  INFO 24904 --- [galaxy-gym-backend] [main] c.e.g.seeders.RoutineExerciseSeeder      : Seeding routine exercises...
2026-06-16T15:26:29.834-06:00  INFO 24904 --- [galaxy-gym-backend] [main] c.e.g.seeders.RoutineExerciseSeeder      : Successfully seeded routine exercises.
2026-06-16T15:26:29.926-06:00  INFO 24904 --- [galaxy-gym-backend] [main] c.e.g.seeders.EquipmentSeeder            : Equipment table already has data. Skipping seeding.
2026-06-16T15:26:29.928-06:00  INFO 24904 --- [galaxy-gym-backend] [main] c.e.g.seeders.EquipmentSeeder            : Seeding initial equipment...
2026-06-16T15:26:29.928-06:00  INFO 24904 --- [galaxy-gym-backend] [main] c.e.g.seeders.EquipmentSeeder            : Successfully seeded 4 equipment.
2026-06-16T15:26:30.011-06:00  INFO 24904 --- [galaxy-gym-backend] [main] c.e.g.seeders.NotificationSeeder         : Notifications table already has data. Skipping seeding.
2026-06-16T15:26:30.012-06:00  INFO 24904 --- [galaxy-gym-backend] [main] c.e.g.seeders.NotificationSeeder         : Seeding notifications...
2026-06-16T15:26:30.012-06:00 ERROR 24904 --- [galaxy-gym-backend] [main] c.e.g.seeders.NotificationSeeder         : No members found to seed notifications!
2026-06-16T15:26:30.013-06:00  INFO 24904 --- [galaxy-gym-backend] [main] c.e.g.seeders.NotificationSeeder         : Seeding notifications...
2026-06-16T15:26:30.014-06:00  INFO 24904 --- [galaxy-gym-backend] [main] c.e.g.seeders.NotificationSeeder         : Successfully seeded 1 notifications.
2026-06-16T15:26:30.017-06:00  INFO 24904 --- [galaxy-gym-backend] [main] c.e.g.seeders.RoleSeeder                 : Roles table already has data. Skipping seeding.
2026-06-16T15:26:30.018-06:00  INFO 24904 --- [galaxy-gym-backend] [main] c.e.g.seeders.RoleSeeder                 : Seeding initial roles...
2026-06-16T15:26:30.018-06:00  INFO 24904 --- [galaxy-gym-backend] [main] c.e.g.seeders.RoleSeeder                 : Successfully seeded 7 roles.
2026-06-16T15:26:30.022-06:00  INFO 24904 --- [galaxy-gym-backend] [main] c.e.g.seeders.UserSeeder                 : Users table already has data. Skipping seeding.
2026-06-16T15:26:30.023-06:00  INFO 24904 --- [galaxy-gym-backend] [main] c.e.g.seeders.UserSeeder                 : Seeding 1000+ users...
2026-06-16T15:26:30.035-06:00  INFO 24904 --- [galaxy-gym-backend] [main] c.e.g.seeders.UserSeeder                 : Successfully seeded 1001 users.
2026-06-16T15:26:30.132-06:00  INFO 24904 --- [galaxy-gym-backend] [main] c.e.g.seeders.MembershipPlanSeeder       : Membership plans table already has data. Skipping seeding.
2026-06-16T15:26:30.132-06:00  INFO 24904 --- [galaxy-gym-backend] [main] c.e.g.seeders.MembershipPlanSeeder       : Seeding membership plans...
2026-06-16T15:26:30.133-06:00  INFO 24904 --- [galaxy-gym-backend] [main] c.e.g.seeders.MembershipPlanSeeder       : Successfully seeded 4 membership plans.
2026-06-16T15:26:30.137-06:00  INFO 24904 --- [galaxy-gym-backend] [main] c.e.g.seeders.WorkoutRoutineSeeder       : Workout routines table already has data. Skipping seeding.
2026-06-16T15:26:30.139-06:00  INFO 24904 --- [galaxy-gym-backend] [main] c.e.g.seeders.WorkoutRoutineSeeder       : Seeding workout routines...
2026-06-16T15:26:30.140-06:00 ERROR 24904 --- [galaxy-gym-backend] [main] c.e.g.seeders.WorkoutRoutineSeeder       : No trainers found to seed workout routines!
2026-06-16T15:26:30.140-06:00  INFO 24904 --- [galaxy-gym-backend] [main] c.e.g.seeders.WorkoutRoutineSeeder       : Seeding workout routines...
2026-06-16T15:26:30.141-06:00  INFO 24904 --- [galaxy-gym-backend] [main] c.e.g.seeders.WorkoutRoutineSeeder       : Successfully seeded 3 workout routines.
2026-06-16T15:26:30.146-06:00  INFO 24904 --- [galaxy-gym-backend] [main] c.e.g.seeders.ExerciseSeeder             : Exercises table already has data. Skipping seeding.
2026-06-16T15:26:30.147-06:00  INFO 24904 --- [galaxy-gym-backend] [main] c.e.g.seeders.ExerciseSeeder             : Seeding initial exercises...
2026-06-16T15:26:30.148-06:00  INFO 24904 --- [galaxy-gym-backend] [main] c.e.g.seeders.ExerciseSeeder             : Successfully seeded 5 exercises.
2026-06-16T15:26:30.152-06:00  INFO 24904 --- [galaxy-gym-backend] [main] c.e.g.seeders.MembershipSeeder           : Memberships table already has data. Skipping seeding.
2026-06-16T15:26:30.154-06:00  INFO 24904 --- [galaxy-gym-backend] [main] c.e.g.seeders.MembershipSeeder           : Seeding memberships for all members...
2026-06-16T15:26:30.156-06:00 ERROR 24904 --- [galaxy-gym-backend] [main] c.e.g.seeders.MembershipSeeder           : No membership plans found to seed memberships!
2026-06-16T15:26:30.157-06:00  INFO 24904 --- [galaxy-gym-backend] [main] c.e.g.seeders.MembershipSeeder           : Seeding memberships for all members...
2026-06-16T15:26:30.158-06:00  INFO 24904 --- [galaxy-gym-backend] [main] c.e.g.seeders.MembershipSeeder           : Successfully seeded 1 memberships.
2026-06-16T15:26:30.162-06:00  INFO 24904 --- [galaxy-gym-backend] [main] c.e.g.seeders.TrainerSeeder              : Trainers table already has data. Skipping seeding.
2026-06-16T15:26:30.166-06:00  INFO 24904 --- [galaxy-gym-backend] [main] c.e.g.seeders.TrainerSeeder              : Seeding trainers...
2026-06-16T15:26:30.168-06:00  INFO 24904 --- [galaxy-gym-backend] [main] c.e.g.seeders.TrainerSeeder              : Successfully seeded 0 trainers.
2026-06-16T15:26:30.169-06:00  INFO 24904 --- [galaxy-gym-backend] [main] c.e.g.seeders.TrainerSeeder              : Seeding trainers...
2026-06-16T15:26:30.170-06:00  INFO 24904 --- [galaxy-gym-backend] [main] c.e.g.seeders.TrainerSeeder              : Successfully seeded 1 trainers.
2026-06-16T15:26:30.957-06:00  INFO 24904 --- [galaxy-gym-backend] [SpringApplicationShutdownHook] j.LocalContainerEntityManagerFactoryBean : Closing JPA EntityManagerFactory for persistence unit 'default'
2026-06-16T15:26:31.260-06:00  INFO 24904 --- [galaxy-gym-backend] [SpringApplicationShutdownHook] com.zaxxer.hikari.HikariDataSource       : HikariPool-1 - Shutdown initiated...
2026-06-16T15:26:31.268-06:00  INFO 24904 --- [galaxy-gym-backend] [SpringApplicationShutdownHook] com.zaxxer.hikari.HikariDataSource       : HikariPool-1 - Shutdown completed.
